-------------------------------------------------------------------------------
Test set: com.ssreddy.client.ClientActivityTest
-------------------------------------------------------------------------------
Tests run: 1, Failures: 1, Errors: 0, Skipped: 0, Time elapsed: 0.004 sec <<< FAILURE!
com.ssreddy.client.ClientActivityTest.testGetActivity()  Time elapsed: 0.004 sec  <<< FAILURE!
java.lang.NullPointerException
	at com.ssreddy.client.ClientActivityTest.testGetActivity(ClientActivityTest.java:45)

